<?xml version="1.0" encoding="UTF-8"?>
<!-- Generated by org.testng.reporters.JUnitReportReporter -->
<testsuite skipped="0" hostname="G1C2ML14207" name="com.mindtree.omsframework.testcasesExecution.OMS_Homepage_webelement_testscript" tests="5" failures="0" timestamp="16 Sep 2018 03:15:59 GMT" time="48.713" errors="0">
  <testcase name="TestCase_Batch_Button_OMS" time="10.162" classname="com.mindtree.omsframework.testcasesExecution.OMS_Homepage_webelement_testscript"/>
  <testcase name="TestCase_Track_Button_OMS" time="9.473" classname="com.mindtree.omsframework.testcasesExecution.OMS_Homepage_webelement_testscript"/>
  <testcase name="TestCase_Assginment_Button_OMS" time="9.534" classname="com.mindtree.omsframework.testcasesExecution.OMS_Homepage_webelement_testscript"/>
  <testcase name="TestCase_Groups_Button_OMS" time="9.875" classname="com.mindtree.omsframework.testcasesExecution.OMS_Homepage_webelement_testscript"/>
  <testcase name="TestCase_Users_Button_OMS" time="9.669" classname="com.mindtree.omsframework.testcasesExecution.OMS_Homepage_webelement_testscript"/>
</testsuite> <!-- com.mindtree.omsframework.testcasesExecution.OMS_Homepage_webelement_testscript -->
